<?xml version="1.0" encoding="UTF-8"?>
<!-- Generated by org.testng.reporters.JUnitReportReporter -->
<testsuite hostname="IB-Pune-LAP-358" failures="0" tests="5" name="ecom.Login" time="7.354" errors="0" timestamp="2022-11-22T10:57:43 IST" skipped="0">
  <testcase classname="ecom.Login" name="logintest" time="3.174"/>
  <system-out/>
  <testcase classname="ecom.Login" name="createproduct" time="1.043"/>
  <system-out/>
  <testcase classname="ecom.Login" name="createorder" time="1.149"/>
  <system-out/>
  <testcase classname="ecom.Login" name="getorder" time="1.134"/>
  <system-out/>
  <testcase classname="ecom.Login" name="deleteproduct" time="0.854"/>
  <system-out/>
</testsuite> <!-- ecom.Login -->
