<?xml version="1.0" encoding="UTF-8"?>
<!-- Generated by org.testng.reporters.JUnitReportReporter -->
<testsuite hostname="IB-Pune-LAP-358" failures="0" tests="5" name="ecom.Login" time="8.835" errors="0" timestamp="22 Nov 2022 05:34:49 GMT" skipped="0">
  <testcase classname="ecom.Login" name="logintest" time="3.202"/>
  <testcase classname="ecom.Login" name="createproduct" time="1.332"/>
  <testcase classname="ecom.Login" name="createorder" time="1.245"/>
  <testcase classname="ecom.Login" name="getorder" time="2.072"/>
  <testcase classname="ecom.Login" name="deleteproduct" time="0.984"/>
</testsuite> <!-- ecom.Login -->
